<?xml version="1.0" encoding="UTF-8"?>
<!-- Generated by org.testng.reporters.JUnitReportReporter -->
<testsuite name="getRequest.EPricerWebServicesURLTest" tests="1" time="14.522" ignored="0" failures="0" timestamp="30 Jul 2018 07:32:49 GMT" skipped="0" hostname="IBM372-PC09Z6VS" errors="0">
  <testcase name="epricerWebServicesURLTest" time="14.522" classname="getRequest.EPricerWebServicesURLTest"/>
</testsuite> <!-- getRequest.EPricerWebServicesURLTest -->
