<?xml version="1.0" encoding="UTF-8"?>
<!-- Generated by org.testng.reporters.JUnitReportReporter -->
<testsuite name="getRequest.GetCountryListData" tests="1" time="2.854" ignored="2" failures="0" timestamp="04 Aug 2018 14:04:56 GMT" skipped="0" hostname="IBM372-PC09Z6VS" errors="0">
  <testcase name="verifyInvoiceUsingXpath" time="2.854" classname="getRequest.GetCountryListData"/>
  <testcase name="statusCodeAndPrintWholeResponse" classname="getRequest.GetCountryListData">
    <skipped/>
  </testcase> <!-- statusCodeAndPrintWholeResponse -->
  <testcase name="verify_alpha2_code_CountryCode" classname="getRequest.GetCountryListData">
    <skipped/>
  </testcase> <!-- verify_alpha2_code_CountryCode -->
</testsuite> <!-- getRequest.GetCountryListData -->
