<?xml version="1.0" encoding="UTF-8"?>
<!-- Generated by org.testng.reporters.JUnitReportReporter -->
<testsuite name="postPutDeleteRequest.PostRequest" tests="3" time="3.944" ignored="0" failures="0" timestamp="17 Oct 2018 15:39:56 GMT" skipped="0" hostname="IBM372-PC09Z6VS" errors="0">
  <testcase name="verifyDeleteRequest" time="0.036" classname="postPutDeleteRequest.PostRequest"/>
  <testcase name="testPostRequest" time="3.815" classname="postPutDeleteRequest.PostRequest"/>
  <testcase name="testPutRequest" time="0.093" classname="postPutDeleteRequest.PostRequest"/>
</testsuite> <!-- postPutDeleteRequest.PostRequest -->
