<?xml version="1.0" encoding="UTF-8"?>
<!-- Generated by org.testng.reporters.JUnitReportReporter -->
<testsuite name="getRequest.LocalHostTest" tests="1" time="2.350" ignored="0" failures="0" timestamp="20 Jan 2018 08:15:07 GMT" skipped="0" hostname="IBM372-PC09Z6VS" errors="0">
  <testcase name="localHostPostMethodTest" time="2.350" classname="getRequest.LocalHostTest"/>
</testsuite> <!-- getRequest.LocalHostTest -->
